Using pre-set license
Built from '2020.3/staging' branch; Version is '2020.3.10f1 (297d780c91bc) revision 2719096'; Using compiler version '192528614'; Build Type 'Release'
OS: 'Windows 10 Pro N; OS build 19042.985; Version 2009; 64bit' Language: 'es' Physical Memory: 16315 MB
BatchMode: 1, IsHumanControllingUs: 0, StartBugReporterOnCrash: 0, Is64bit: 1, IsPro: 0

 COMMAND LINE ARGUMENTS:
C:\Program Files\Unity\Hub\Editor\2020.3.10f1\Editor\Unity.exe
-adb2
-batchMode
-noUpm
-name
AssetImportWorker0
-projectPath
C:/Users/Toro/Jhon Boca LLima/JhonBocaLlima
-logFile
Logs/AssetImportWorker0.log
-srvPort
60698
Successfully changed project path to: C:/Users/Toro/Jhon Boca LLima/JhonBocaLlima
C:/Users/Toro/Jhon Boca LLima/JhonBocaLlima
Using Asset Import Pipeline V2.
Refreshing native plugins compatible for Editor in 31.73 ms, found 3 plugins.
Preloading 0 native plugins for Editor in 0.00 ms.
Initialize engine version: 2020.3.10f1 (297d780c91bc)
[Subsystems] Discovering subsystems at path C:/Program Files/Unity/Hub/Editor/2020.3.10f1/Editor/Data/Resources/UnitySubsystems
[Subsystems] Discovering subsystems at path C:/Users/Toro/Jhon Boca LLima/JhonBocaLlima/Assets
GfxDevice: creating device client; threaded=0
Direct3D:
    Version:  Direct3D 11.0 [level 11.1]
    Renderer: NVIDIA GeForce RTX 2070 SUPER (ID=0x1e84)
    Vendor:   
    VRAM:     8011 MB
    Driver:   27.21.14.5671
Initialize mono
Mono path[0] = 'C:/Program Files/Unity/Hub/Editor/2020.3.10f1/Editor/Data/Managed'
Mono path[1] = 'C:/Program Files/Unity/Hub/Editor/2020.3.10f1/Editor/Data/MonoBleedingEdge/lib/mono/unityjit'
Mono config path = 'C:/Program Files/Unity/Hub/Editor/2020.3.10f1/Editor/Data/MonoBleedingEdge/etc'
Using monoOptions --debugger-agent=transport=dt_socket,embedding=1,server=y,suspend=n,address=127.0.0.1:56496
Begin MonoManager ReloadAssembly
Registering precompiled unity dll's ...
Register platform support module: C:/Program Files/Unity/Hub/Editor/2020.3.10f1/Editor/Data/PlaybackEngines/WindowsStandaloneSupport/UnityEditor.WindowsStandalone.Extensions.dll
Registered in 0.001325 seconds.
Native extension for WindowsStandalone target not found
Refreshing native plugins compatible for Editor in 32.47 ms, found 3 plugins.
Preloading 0 native plugins for Editor in 0.00 ms.
Mono: successfully reloaded assembly
- Completed reload, in  1.366 seconds
Platform modules already initialized, skipping
Registering precompiled user dll's ...
Registered in 0.002815 seconds.
Begin MonoManager ReloadAssembly
Native extension for WindowsStandalone target not found
Refreshing native plugins compatible for Editor in 31.94 ms, found 3 plugins.
Preloading 0 native plugins for Editor in 0.00 ms.
Mono: successfully reloaded assembly
- Completed reload, in  0.843 seconds
Platform modules already initialized, skipping
========================================================================
Worker process is ready to serve import requests
Launched and connected shader compiler UnityShaderCompiler.exe after 0.03 seconds
Refreshing native plugins compatible for Editor in 0.39 ms, found 3 plugins.
Preloading 0 native plugins for Editor in 0.00 ms.
Unloading 2083 Unused Serialized files (Serialized files now loaded: 0)
System memory in use before: 92.9 MB.
System memory in use after: 92.9 MB.

Unloading 33 unused Assets to reduce memory usage. Loaded Objects now: 2517.
Total: 2.127500 ms (FindLiveObjects: 0.169700 ms CreateObjectMapping: 0.057000 ms MarkObjects: 1.794700 ms  DeleteObjects: 0.105400 ms)

========================================================================
Received Import Request.
  path: Assets/SpriteSheets/props/plant.png
  artifactKey: Guid(a0f406ff0c199b34c9829ce61a8f1056) Importer(815301076,1909f56bfc062723c751e8b465ee728b)
Start importing Assets/SpriteSheets/props/plant.png using Guid(a0f406ff0c199b34c9829ce61a8f1056) Importer(815301076,1909f56bfc062723c751e8b465ee728b)  -> (artifact id: '12a26ec65d377643a3a53fb25c5faaa0') in 0.085353 seconds
  Import took 0.087842 seconds .

========================================================================
Received Import Request.
  Time since last request: 0.000236 seconds.
  path: Assets/SpriteSheets/props/red_barrel.png
  artifactKey: Guid(113363db95fe95a4baceac3e5660f200) Importer(815301076,1909f56bfc062723c751e8b465ee728b)
Start importing Assets/SpriteSheets/props/red_barrel.png using Guid(113363db95fe95a4baceac3e5660f200) Importer(815301076,1909f56bfc062723c751e8b465ee728b)  -> (artifact id: '7c91e03a496b3f66e390e1abf0c1d883') in 0.007110 seconds
  Import took 0.009552 seconds .

========================================================================
Received Import Request.
  Time since last request: 0.000133 seconds.
  path: Assets/SpriteSheets/props/shelter.png
  artifactKey: Guid(2185d1f64def4ee499b469aedc52f223) Importer(815301076,1909f56bfc062723c751e8b465ee728b)
Start importing Assets/SpriteSheets/props/shelter.png using Guid(2185d1f64def4ee499b469aedc52f223) Importer(815301076,1909f56bfc062723c751e8b465ee728b)  -> (artifact id: '36856456085d776d5eea99559f6fcca1') in 0.007662 seconds
  Import took 0.010710 seconds .

========================================================================
Received Import Request.
  Time since last request: 0.000227 seconds.
  path: Assets/SpriteSheets/props/barrel.png
  artifactKey: Guid(9123b3c1ab1971049bf462a3a11c8253) Importer(815301076,1909f56bfc062723c751e8b465ee728b)
Start importing Assets/SpriteSheets/props/barrel.png using Guid(9123b3c1ab1971049bf462a3a11c8253) Importer(815301076,1909f56bfc062723c751e8b465ee728b)  -> (artifact id: 'ce6a540eb5e0609846520cc9b894a67a') in 0.006912 seconds
  Import took 0.009670 seconds .

========================================================================
Received Import Request.
  Time since last request: 0.000235 seconds.
  path: Assets/SpriteSheets/props/skullpanel.png
  artifactKey: Guid(93325eed3dff1f246b569ce010e5abc4) Importer(815301076,1909f56bfc062723c751e8b465ee728b)
Start importing Assets/SpriteSheets/props/skullpanel.png using Guid(93325eed3dff1f246b569ce010e5abc4) Importer(815301076,1909f56bfc062723c751e8b465ee728b)  -> (artifact id: 'f65abd682681c8c22a6c95f5e498bc4c') in 0.014416 seconds
  Import took 0.017278 seconds .

========================================================================
Received Import Request.
  Time since last request: 0.000175 seconds.
  path: Assets/SpriteSheets/props/bigcrate.png
  artifactKey: Guid(f3d9134f1689eff4aa10964d86017ce3) Importer(815301076,1909f56bfc062723c751e8b465ee728b)
Start importing Assets/SpriteSheets/props/bigcrate.png using Guid(f3d9134f1689eff4aa10964d86017ce3) Importer(815301076,1909f56bfc062723c751e8b465ee728b)  -> (artifact id: 'd29b41c424f3ea53d9a319be4ebca7c5') in 0.007498 seconds
  Import took 0.009961 seconds .

========================================================================
Received Import Request.
  Time since last request: 0.000146 seconds.
  path: Assets/SpriteSheets/props/crate.png
  artifactKey: Guid(9e1d70225c0be924a9bf506dca7935dc) Importer(815301076,1909f56bfc062723c751e8b465ee728b)
Start importing Assets/SpriteSheets/props/crate.png using Guid(9e1d70225c0be924a9bf506dca7935dc) Importer(815301076,1909f56bfc062723c751e8b465ee728b)  -> (artifact id: '01da66a48e88fd876e57b9e65bde0d69') in 0.016824 seconds
  Import took 0.019454 seconds .

========================================================================
Received Prepare
Refreshing native plugins compatible for Editor in 2.92 ms, found 3 plugins.
Preloading 0 native plugins for Editor in 0.00 ms.
Unloading 19 Unused Serialized files (Serialized files now loaded: 0)
System memory in use before: 55.3 MB.
System memory in use after: 55.2 MB.

Unloading 19 unused Assets to reduce memory usage. Loaded Objects now: 2533.
Total: 2.716700 ms (FindLiveObjects: 0.186100 ms CreateObjectMapping: 0.068400 ms MarkObjects: 2.367300 ms  DeleteObjects: 0.094100 ms)

========================================================================
Received Prepare
Registering precompiled user dll's ...
Registered in 0.002906 seconds.
Begin MonoManager ReloadAssembly
Native extension for WindowsStandalone target not found
Refreshing native plugins compatible for Editor in 0.44 ms, found 3 plugins.
Preloading 0 native plugins for Editor in 0.00 ms.
Mono: successfully reloaded assembly
- Completed reload, in  0.771 seconds
Platform modules already initialized, skipping
Refreshing native plugins compatible for Editor in 0.44 ms, found 3 plugins.
Preloading 0 native plugins for Editor in 0.00 ms.
Unloading 2078 Unused Serialized files (Serialized files now loaded: 0)
System memory in use before: 95.8 MB.
System memory in use after: 95.8 MB.

Unloading 21 unused Assets to reduce memory usage. Loaded Objects now: 2537.
Total: 1.862600 ms (FindLiveObjects: 0.152300 ms CreateObjectMapping: 0.062500 ms MarkObjects: 1.557100 ms  DeleteObjects: 0.090000 ms)

========================================================================
Received Import Request.
  Time since last request: 253.199164 seconds.
  path: Assets/Scripts/BulletScript.cs
  artifactKey: Guid(87dc504106dfa6c48a527c2f2b96d25d) Importer(815301076,1909f56bfc062723c751e8b465ee728b)
Start importing Assets/Scripts/BulletScript.cs using Guid(87dc504106dfa6c48a527c2f2b96d25d) Importer(815301076,1909f56bfc062723c751e8b465ee728b)  -> (artifact id: '2116637fd8ef5bb8d6799a815771b924') in 0.011995 seconds
  Import took 0.014823 seconds .

========================================================================
Received Prepare
Registering precompiled user dll's ...
Registered in 0.002648 seconds.
Begin MonoManager ReloadAssembly
Native extension for WindowsStandalone target not found
Refreshing native plugins compatible for Editor in 0.40 ms, found 3 plugins.
Preloading 0 native plugins for Editor in 0.00 ms.
Mono: successfully reloaded assembly
- Completed reload, in  0.766 seconds
Platform modules already initialized, skipping
Refreshing native plugins compatible for Editor in 0.39 ms, found 3 plugins.
Preloading 0 native plugins for Editor in 0.00 ms.
Unloading 2078 Unused Serialized files (Serialized files now loaded: 0)
System memory in use before: 95.9 MB.
System memory in use after: 95.9 MB.

Unloading 21 unused Assets to reduce memory usage. Loaded Objects now: 2541.
Total: 1.939800 ms (FindLiveObjects: 0.156100 ms CreateObjectMapping: 0.058700 ms MarkObjects: 1.612600 ms  DeleteObjects: 0.111600 ms)

========================================================================
Received Prepare
Registering precompiled user dll's ...
Registered in 0.002637 seconds.
Begin MonoManager ReloadAssembly
Native extension for WindowsStandalone target not found
Refreshing native plugins compatible for Editor in 0.41 ms, found 3 plugins.
Preloading 0 native plugins for Editor in 0.00 ms.
Mono: successfully reloaded assembly
- Completed reload, in  0.812 seconds
Platform modules already initialized, skipping
Refreshing native plugins compatible for Editor in 0.40 ms, found 3 plugins.
Preloading 0 native plugins for Editor in 0.00 ms.
Unloading 2078 Unused Serialized files (Serialized files now loaded: 0)
System memory in use before: 95.9 MB.
System memory in use after: 95.9 MB.

Unloading 21 unused Assets to reduce memory usage. Loaded Objects now: 2545.
Total: 1.966300 ms (FindLiveObjects: 0.176400 ms CreateObjectMapping: 0.067800 ms MarkObjects: 1.630900 ms  DeleteObjects: 0.090300 ms)

AssetImportWorkerClient::OnTransportError - code=2 error=End of file
