Using pre-set license
Built from '2020.3/staging' branch; Version is '2020.3.10f1 (297d780c91bc) revision 2719096'; Using compiler version '192528614'; Build Type 'Release'
OS: 'Windows 10 Pro N; OS build 19042.1052; Version 2009; 64bit' Language: 'es' Physical Memory: 16315 MB
BatchMode: 1, IsHumanControllingUs: 0, StartBugReporterOnCrash: 0, Is64bit: 1, IsPro: 0

 COMMAND LINE ARGUMENTS:
C:\Program Files\Unity\Hub\Editor\2020.3.10f1\Editor\Unity.exe
-adb2
-batchMode
-noUpm
-name
AssetImportWorker0
-projectPath
C:/Users/Toro/Jhon Boca LLima/JhonBocaLlima
-logFile
Logs/AssetImportWorker0.log
-srvPort
59351
Successfully changed project path to: C:/Users/Toro/Jhon Boca LLima/JhonBocaLlima
C:/Users/Toro/Jhon Boca LLima/JhonBocaLlima
Using Asset Import Pipeline V2.
Refreshing native plugins compatible for Editor in 32.92 ms, found 3 plugins.
Preloading 0 native plugins for Editor in 0.00 ms.
Initialize engine version: 2020.3.10f1 (297d780c91bc)
[Subsystems] Discovering subsystems at path C:/Program Files/Unity/Hub/Editor/2020.3.10f1/Editor/Data/Resources/UnitySubsystems
[Subsystems] Discovering subsystems at path C:/Users/Toro/Jhon Boca LLima/JhonBocaLlima/Assets
GfxDevice: creating device client; threaded=0
Direct3D:
    Version:  Direct3D 11.0 [level 11.1]
    Renderer: NVIDIA GeForce RTX 2070 SUPER (ID=0x1e84)
    Vendor:   
    VRAM:     8011 MB
    Driver:   27.21.14.5671
Initialize mono
Mono path[0] = 'C:/Program Files/Unity/Hub/Editor/2020.3.10f1/Editor/Data/Managed'
Mono path[1] = 'C:/Program Files/Unity/Hub/Editor/2020.3.10f1/Editor/Data/MonoBleedingEdge/lib/mono/unityjit'
Mono config path = 'C:/Program Files/Unity/Hub/Editor/2020.3.10f1/Editor/Data/MonoBleedingEdge/etc'
Using monoOptions --debugger-agent=transport=dt_socket,embedding=1,server=y,suspend=n,address=127.0.0.1:56824
Begin MonoManager ReloadAssembly
Registering precompiled unity dll's ...
Register platform support module: C:/Program Files/Unity/Hub/Editor/2020.3.10f1/Editor/Data/PlaybackEngines/WindowsStandaloneSupport/UnityEditor.WindowsStandalone.Extensions.dll
Registered in 0.001302 seconds.
Native extension for WindowsStandalone target not found
Refreshing native plugins compatible for Editor in 33.00 ms, found 3 plugins.
Preloading 0 native plugins for Editor in 0.00 ms.
Mono: successfully reloaded assembly
- Completed reload, in  1.257 seconds
Platform modules already initialized, skipping
Registering precompiled user dll's ...
Registered in 0.002720 seconds.
Begin MonoManager ReloadAssembly
Native extension for WindowsStandalone target not found
Refreshing native plugins compatible for Editor in 35.68 ms, found 3 plugins.
Preloading 0 native plugins for Editor in 0.00 ms.
Mono: successfully reloaded assembly
- Completed reload, in  0.850 seconds
Platform modules already initialized, skipping
========================================================================
Worker process is ready to serve import requests
Launched and connected shader compiler UnityShaderCompiler.exe after 0.03 seconds
Refreshing native plugins compatible for Editor in 0.39 ms, found 3 plugins.
Preloading 0 native plugins for Editor in 0.00 ms.
Unloading 2087 Unused Serialized files (Serialized files now loaded: 0)
System memory in use before: 93.1 MB.
System memory in use after: 93.0 MB.

Unloading 33 unused Assets to reduce memory usage. Loaded Objects now: 2522.
Total: 1.898600 ms (FindLiveObjects: 0.147000 ms CreateObjectMapping: 0.058300 ms MarkObjects: 1.590500 ms  DeleteObjects: 0.101700 ms)

========================================================================
Received Import Request.
  path: Assets/Scripts/GruntScript.cs
  artifactKey: Guid(f4313954c465b3e41a36e3905e8aed0f) Importer(815301076,1909f56bfc062723c751e8b465ee728b)
Start importing Assets/Scripts/GruntScript.cs using Guid(f4313954c465b3e41a36e3905e8aed0f) Importer(815301076,1909f56bfc062723c751e8b465ee728b)  -> (artifact id: '5ccf31c2a8a7c1de9c8483727399f0f9') in 0.017034 seconds
  Import took 0.019493 seconds .

========================================================================
Received Import Request.
  Time since last request: 0.000243 seconds.
  path: Assets/Scripts/GruntScript2.cs
  artifactKey: Guid(e143b0fb82c016547a486c1f3654e721) Importer(815301076,1909f56bfc062723c751e8b465ee728b)
Start importing Assets/Scripts/GruntScript2.cs using Guid(e143b0fb82c016547a486c1f3654e721) Importer(815301076,1909f56bfc062723c751e8b465ee728b)  -> (artifact id: '3bd46a8e27ef725d97adf3ca401ee3ce') in 0.004742 seconds
  Import took 0.007087 seconds .

========================================================================
Received Import Request.
  Time since last request: 546.375785 seconds.
  path: Assets/Scripts/JhonMovement.cs
  artifactKey: Guid(5a58e4915a07151498a4ab6e940d7128) Importer(815301076,1909f56bfc062723c751e8b465ee728b)
Start importing Assets/Scripts/JhonMovement.cs using Guid(5a58e4915a07151498a4ab6e940d7128) Importer(815301076,1909f56bfc062723c751e8b465ee728b)  -> (artifact id: '5144ccd46fac7d2b3b3ac9d68e7addf9') in 0.007181 seconds
  Import took 0.010369 seconds .

========================================================================
Received Import Request.
  Time since last request: 0.001687 seconds.
  path: Assets/Scripts/JhonMovement.cs
  artifactKey: Guid(5a58e4915a07151498a4ab6e940d7128) Importer(815301076,1909f56bfc062723c751e8b465ee728b)
Start importing Assets/Scripts/JhonMovement.cs using Guid(5a58e4915a07151498a4ab6e940d7128) Importer(815301076,1909f56bfc062723c751e8b465ee728b)  -> (artifact id: '5144ccd46fac7d2b3b3ac9d68e7addf9') in 0.001660 seconds
  Import took 0.004705 seconds .

========================================================================
Received Import Request.
  Time since last request: 14.391051 seconds.
  path: Assets/Scripts/Respawn.cs
  artifactKey: Guid(995efbdf8f22b21499b90709a1218ad4) Importer(815301076,1909f56bfc062723c751e8b465ee728b)
Start importing Assets/Scripts/Respawn.cs using Guid(995efbdf8f22b21499b90709a1218ad4) Importer(815301076,1909f56bfc062723c751e8b465ee728b)  -> (artifact id: 'a7007486878ce3d3e9992573ea94c530') in 0.005828 seconds
  Import took 0.008506 seconds .

========================================================================
Received Import Request.
  Time since last request: 0.000486 seconds.
  path: Assets/Scripts/Respawn.cs
  artifactKey: Guid(995efbdf8f22b21499b90709a1218ad4) Importer(815301076,1909f56bfc062723c751e8b465ee728b)
Start importing Assets/Scripts/Respawn.cs using Guid(995efbdf8f22b21499b90709a1218ad4) Importer(815301076,1909f56bfc062723c751e8b465ee728b)  -> (artifact id: 'a7007486878ce3d3e9992573ea94c530') in 0.001651 seconds
  Import took 0.004188 seconds .

========================================================================
Received Prepare
Registering precompiled user dll's ...
Registered in 0.002707 seconds.
Begin MonoManager ReloadAssembly
Native extension for WindowsStandalone target not found
Refreshing native plugins compatible for Editor in 0.40 ms, found 3 plugins.
Preloading 0 native plugins for Editor in 0.00 ms.
Mono: successfully reloaded assembly
- Completed reload, in  0.762 seconds
Platform modules already initialized, skipping
Refreshing native plugins compatible for Editor in 0.39 ms, found 3 plugins.
Preloading 0 native plugins for Editor in 0.00 ms.
Unloading 2081 Unused Serialized files (Serialized files now loaded: 0)
System memory in use before: 93.0 MB.
System memory in use after: 93.0 MB.

Unloading 22 unused Assets to reduce memory usage. Loaded Objects now: 2525.
Total: 1.816500 ms (FindLiveObjects: 0.145200 ms CreateObjectMapping: 0.055400 ms MarkObjects: 1.529300 ms  DeleteObjects: 0.085600 ms)

========================================================================
Received Prepare
Registering precompiled user dll's ...
Registered in 0.002615 seconds.
Begin MonoManager ReloadAssembly
Native extension for WindowsStandalone target not found
Refreshing native plugins compatible for Editor in 0.40 ms, found 3 plugins.
Preloading 0 native plugins for Editor in 0.00 ms.
Mono: successfully reloaded assembly
- Completed reload, in  0.759 seconds
Platform modules already initialized, skipping
Refreshing native plugins compatible for Editor in 0.45 ms, found 3 plugins.
Preloading 0 native plugins for Editor in 0.00 ms.
Unloading 2080 Unused Serialized files (Serialized files now loaded: 0)
System memory in use before: 93.0 MB.
System memory in use after: 93.0 MB.

Unloading 22 unused Assets to reduce memory usage. Loaded Objects now: 2528.
Total: 2.048000 ms (FindLiveObjects: 0.145000 ms CreateObjectMapping: 0.057800 ms MarkObjects: 1.756200 ms  DeleteObjects: 0.088200 ms)

========================================================================
Received Prepare
Registering precompiled user dll's ...
Registered in 0.002618 seconds.
Begin MonoManager ReloadAssembly
Native extension for WindowsStandalone target not found
Refreshing native plugins compatible for Editor in 0.41 ms, found 3 plugins.
Preloading 0 native plugins for Editor in 0.00 ms.
Mono: successfully reloaded assembly
- Completed reload, in  0.738 seconds
Platform modules already initialized, skipping
Refreshing native plugins compatible for Editor in 0.39 ms, found 3 plugins.
Preloading 0 native plugins for Editor in 0.00 ms.
Unloading 2080 Unused Serialized files (Serialized files now loaded: 0)
System memory in use before: 93.1 MB.
System memory in use after: 93.0 MB.

Unloading 21 unused Assets to reduce memory usage. Loaded Objects now: 2532.
Total: 1.919100 ms (FindLiveObjects: 0.137900 ms CreateObjectMapping: 0.052100 ms MarkObjects: 1.647000 ms  DeleteObjects: 0.081500 ms)

========================================================================
Received Import Request.
  Time since last request: 124.169837 seconds.
  path: Assets/Scripts/GruntScript.cs
  artifactKey: Guid(f4313954c465b3e41a36e3905e8aed0f) Importer(815301076,1909f56bfc062723c751e8b465ee728b)
Start importing Assets/Scripts/GruntScript.cs using Guid(f4313954c465b3e41a36e3905e8aed0f) Importer(815301076,1909f56bfc062723c751e8b465ee728b)  -> (artifact id: '852163455ebc609d25adafd8769cdce8') in 0.003923 seconds
  Import took 0.006196 seconds .

========================================================================
Received Prepare
Registering precompiled user dll's ...
Registered in 0.002519 seconds.
Begin MonoManager ReloadAssembly
Native extension for WindowsStandalone target not found
Refreshing native plugins compatible for Editor in 0.39 ms, found 3 plugins.
Preloading 0 native plugins for Editor in 0.00 ms.
Mono: successfully reloaded assembly
- Completed reload, in  0.732 seconds
Platform modules already initialized, skipping
Refreshing native plugins compatible for Editor in 0.39 ms, found 3 plugins.
Preloading 0 native plugins for Editor in 0.00 ms.
Unloading 2080 Unused Serialized files (Serialized files now loaded: 0)
System memory in use before: 93.1 MB.
System memory in use after: 93.1 MB.

Unloading 21 unused Assets to reduce memory usage. Loaded Objects now: 2536.
Total: 1.770700 ms (FindLiveObjects: 0.144200 ms CreateObjectMapping: 0.054200 ms MarkObjects: 1.492400 ms  DeleteObjects: 0.079300 ms)

========================================================================
Received Prepare
Registering precompiled user dll's ...
Registered in 0.002651 seconds.
Begin MonoManager ReloadAssembly
Native extension for WindowsStandalone target not found
Refreshing native plugins compatible for Editor in 0.40 ms, found 3 plugins.
Preloading 0 native plugins for Editor in 0.00 ms.
Mono: successfully reloaded assembly
- Completed reload, in  0.736 seconds
Platform modules already initialized, skipping
Refreshing native plugins compatible for Editor in 0.50 ms, found 3 plugins.
Preloading 0 native plugins for Editor in 0.00 ms.
Unloading 2080 Unused Serialized files (Serialized files now loaded: 0)
System memory in use before: 93.1 MB.
System memory in use after: 93.1 MB.

Unloading 21 unused Assets to reduce memory usage. Loaded Objects now: 2540.
Total: 1.800900 ms (FindLiveObjects: 0.148000 ms CreateObjectMapping: 0.056100 ms MarkObjects: 1.514400 ms  DeleteObjects: 0.081500 ms)

========================================================================
Received Prepare
Registering precompiled user dll's ...
Registered in 0.002711 seconds.
Begin MonoManager ReloadAssembly
Native extension for WindowsStandalone target not found
Refreshing native plugins compatible for Editor in 0.64 ms, found 3 plugins.
Preloading 0 native plugins for Editor in 0.00 ms.
Mono: successfully reloaded assembly
- Completed reload, in  0.728 seconds
Platform modules already initialized, skipping
Refreshing native plugins compatible for Editor in 0.40 ms, found 3 plugins.
Preloading 0 native plugins for Editor in 0.00 ms.
Unloading 2080 Unused Serialized files (Serialized files now loaded: 0)
System memory in use before: 93.1 MB.
System memory in use after: 93.1 MB.

Unloading 21 unused Assets to reduce memory usage. Loaded Objects now: 2544.
Total: 1.986800 ms (FindLiveObjects: 0.170400 ms CreateObjectMapping: 0.058800 ms MarkObjects: 1.667900 ms  DeleteObjects: 0.088700 ms)

========================================================================
Received Prepare
Registering precompiled user dll's ...
Registered in 0.002663 seconds.
Begin MonoManager ReloadAssembly
Native extension for WindowsStandalone target not found
Refreshing native plugins compatible for Editor in 0.42 ms, found 3 plugins.
Preloading 0 native plugins for Editor in 0.00 ms.
Mono: successfully reloaded assembly
- Completed reload, in  0.738 seconds
Platform modules already initialized, skipping
Refreshing native plugins compatible for Editor in 0.51 ms, found 3 plugins.
Preloading 0 native plugins for Editor in 0.00 ms.
Unloading 2080 Unused Serialized files (Serialized files now loaded: 0)
System memory in use before: 93.1 MB.
System memory in use after: 93.1 MB.

Unloading 21 unused Assets to reduce memory usage. Loaded Objects now: 2548.
Total: 1.861000 ms (FindLiveObjects: 0.144300 ms CreateObjectMapping: 0.053700 ms MarkObjects: 1.576400 ms  DeleteObjects: 0.085400 ms)

========================================================================
Received Prepare
Registering precompiled user dll's ...
Registered in 0.002598 seconds.
Begin MonoManager ReloadAssembly
Native extension for WindowsStandalone target not found
Refreshing native plugins compatible for Editor in 0.49 ms, found 3 plugins.
Preloading 0 native plugins for Editor in 0.00 ms.
Mono: successfully reloaded assembly
- Completed reload, in  0.750 seconds
Platform modules already initialized, skipping
Refreshing native plugins compatible for Editor in 0.42 ms, found 3 plugins.
Preloading 0 native plugins for Editor in 0.00 ms.
Unloading 2080 Unused Serialized files (Serialized files now loaded: 0)
System memory in use before: 93.1 MB.
System memory in use after: 93.1 MB.

Unloading 21 unused Assets to reduce memory usage. Loaded Objects now: 2552.
Total: 1.850100 ms (FindLiveObjects: 0.152600 ms CreateObjectMapping: 0.058900 ms MarkObjects: 1.554600 ms  DeleteObjects: 0.083400 ms)

========================================================================
Received Prepare
Registering precompiled user dll's ...
Registered in 0.002732 seconds.
Begin MonoManager ReloadAssembly
Native extension for WindowsStandalone target not found
Refreshing native plugins compatible for Editor in 0.40 ms, found 3 plugins.
Preloading 0 native plugins for Editor in 0.00 ms.
Mono: successfully reloaded assembly
- Completed reload, in  0.756 seconds
Platform modules already initialized, skipping
Refreshing native plugins compatible for Editor in 0.68 ms, found 3 plugins.
Preloading 0 native plugins for Editor in 0.00 ms.
Unloading 2080 Unused Serialized files (Serialized files now loaded: 0)
System memory in use before: 93.1 MB.
System memory in use after: 93.1 MB.

Unloading 21 unused Assets to reduce memory usage. Loaded Objects now: 2556.
Total: 1.831700 ms (FindLiveObjects: 0.153700 ms CreateObjectMapping: 0.057400 ms MarkObjects: 1.536200 ms  DeleteObjects: 0.083500 ms)

========================================================================
Received Prepare
Registering precompiled user dll's ...
Registered in 0.002623 seconds.
Begin MonoManager ReloadAssembly
Native extension for WindowsStandalone target not found
Refreshing native plugins compatible for Editor in 0.39 ms, found 3 plugins.
Preloading 0 native plugins for Editor in 0.00 ms.
Mono: successfully reloaded assembly
- Completed reload, in  0.755 seconds
Platform modules already initialized, skipping
Refreshing native plugins compatible for Editor in 0.40 ms, found 3 plugins.
Preloading 0 native plugins for Editor in 0.00 ms.
Unloading 2080 Unused Serialized files (Serialized files now loaded: 0)
System memory in use before: 93.1 MB.
System memory in use after: 93.1 MB.

Unloading 21 unused Assets to reduce memory usage. Loaded Objects now: 2560.
Total: 1.719500 ms (FindLiveObjects: 0.161400 ms CreateObjectMapping: 0.057800 ms MarkObjects: 1.417100 ms  DeleteObjects: 0.082400 ms)

========================================================================
Received Import Request.
  Time since last request: 1011.998489 seconds.
  path: Assets/Scripts/ChangeScene.cs
  artifactKey: Guid(8bbb637324ed81140aa8212cf37748ca) Importer(815301076,1909f56bfc062723c751e8b465ee728b)
Start importing Assets/Scripts/ChangeScene.cs using Guid(8bbb637324ed81140aa8212cf37748ca) Importer(815301076,1909f56bfc062723c751e8b465ee728b)  -> (artifact id: '844f1c2a3f2127696cde28b4d82b5f1b') in 0.007660 seconds
  Import took 0.010418 seconds .

========================================================================
Received Prepare
Registering precompiled user dll's ...
Registered in 0.002792 seconds.
Begin MonoManager ReloadAssembly
Native extension for WindowsStandalone target not found
Refreshing native plugins compatible for Editor in 0.39 ms, found 3 plugins.
Preloading 0 native plugins for Editor in 0.00 ms.
Mono: successfully reloaded assembly
- Completed reload, in  0.736 seconds
Platform modules already initialized, skipping
Refreshing native plugins compatible for Editor in 0.43 ms, found 3 plugins.
Preloading 0 native plugins for Editor in 0.00 ms.
Unloading 2081 Unused Serialized files (Serialized files now loaded: 0)
System memory in use before: 93.2 MB.
System memory in use after: 93.1 MB.

Unloading 21 unused Assets to reduce memory usage. Loaded Objects now: 2565.
Total: 1.947200 ms (FindLiveObjects: 0.183000 ms CreateObjectMapping: 0.058300 ms MarkObjects: 1.615200 ms  DeleteObjects: 0.090000 ms)

========================================================================
Received Import Request.
  Time since last request: 11.581157 seconds.
  path: ProjectSettings/TagManager.asset
  artifactKey: Guid(00000000000000003000000000000000) Importer(815301076,1909f56bfc062723c751e8b465ee728b)
Start importing ProjectSettings/TagManager.asset using Guid(00000000000000003000000000000000) Importer(815301076,1909f56bfc062723c751e8b465ee728b)  -> (artifact id: 'cc196259bfee74c42df0bc450c6be690') in 0.019359 seconds
  Import took 0.022512 seconds .

========================================================================
Received Import Request.
  Time since last request: 74.425951 seconds.
  path: Assets/Scenes/Level1.unity
  artifactKey: Guid(2cda990e2423bbf4892e6590ba056729) Importer(815301076,1909f56bfc062723c751e8b465ee728b)
Start importing Assets/Scenes/Level1.unity using Guid(2cda990e2423bbf4892e6590ba056729) Importer(815301076,1909f56bfc062723c751e8b465ee728b)  -> (artifact id: '40ddfba217d6ef22a1397891ee29cbdb') in 0.006163 seconds
  Import took 0.009289 seconds .

========================================================================
Received Import Request.
  Time since last request: 14.499359 seconds.
  path: Assets/Scenes/Level1 1.unity
  artifactKey: Guid(0bcbd9bd6318b65459bafa8f15b02a05) Importer(815301076,1909f56bfc062723c751e8b465ee728b)
Start importing Assets/Scenes/Level1 1.unity using Guid(0bcbd9bd6318b65459bafa8f15b02a05) Importer(815301076,1909f56bfc062723c751e8b465ee728b)  -> (artifact id: 'bb3ba3f6bf50571c37e1493cb3bdc02f') in 0.005289 seconds
  Import took 0.008215 seconds .

========================================================================
Received Import Request.
  Time since last request: 11.003416 seconds.
  path: Assets/Scenes/Level_2.unity
  artifactKey: Guid(0bcbd9bd6318b65459bafa8f15b02a05) Importer(815301076,1909f56bfc062723c751e8b465ee728b)
Start importing Assets/Scenes/Level_2.unity using Guid(0bcbd9bd6318b65459bafa8f15b02a05) Importer(815301076,1909f56bfc062723c751e8b465ee728b)  -> (artifact id: '17a1f59e820e042c79e97b19e2f0b70a') in 0.006035 seconds
  Import took 0.008871 seconds .

========================================================================
Received Import Request.
  Time since last request: 8.750981 seconds.
  path: Assets/Scenes/Level_1.unity
  artifactKey: Guid(2cda990e2423bbf4892e6590ba056729) Importer(815301076,1909f56bfc062723c751e8b465ee728b)
Start importing Assets/Scenes/Level_1.unity using Guid(2cda990e2423bbf4892e6590ba056729) Importer(815301076,1909f56bfc062723c751e8b465ee728b)  -> (artifact id: '96fea7d801765dd5365334b641d4044d') in 0.005756 seconds
  Import took 0.008680 seconds .

========================================================================
Received Prepare
Registering precompiled user dll's ...
Registered in 0.002649 seconds.
Begin MonoManager ReloadAssembly
Native extension for WindowsStandalone target not found
Refreshing native plugins compatible for Editor in 0.50 ms, found 3 plugins.
Preloading 0 native plugins for Editor in 0.00 ms.
Mono: successfully reloaded assembly
- Completed reload, in  0.730 seconds
Platform modules already initialized, skipping
Refreshing native plugins compatible for Editor in 0.43 ms, found 3 plugins.
Preloading 0 native plugins for Editor in 0.00 ms.
Unloading 2081 Unused Serialized files (Serialized files now loaded: 0)
System memory in use before: 93.2 MB.
System memory in use after: 93.2 MB.

Unloading 22 unused Assets to reduce memory usage. Loaded Objects now: 2569.
Total: 1.902500 ms (FindLiveObjects: 0.147900 ms CreateObjectMapping: 0.053100 ms MarkObjects: 1.575700 ms  DeleteObjects: 0.125200 ms)

========================================================================
Received Prepare
Registering precompiled user dll's ...
Registered in 0.002645 seconds.
Begin MonoManager ReloadAssembly
Native extension for WindowsStandalone target not found
Refreshing native plugins compatible for Editor in 0.40 ms, found 3 plugins.
Preloading 0 native plugins for Editor in 0.00 ms.
Mono: successfully reloaded assembly
- Completed reload, in  0.748 seconds
Platform modules already initialized, skipping
Refreshing native plugins compatible for Editor in 0.45 ms, found 3 plugins.
Preloading 0 native plugins for Editor in 0.00 ms.
Unloading 2081 Unused Serialized files (Serialized files now loaded: 0)
System memory in use before: 93.2 MB.
System memory in use after: 93.2 MB.

Unloading 21 unused Assets to reduce memory usage. Loaded Objects now: 2573.
Total: 1.824500 ms (FindLiveObjects: 0.145100 ms CreateObjectMapping: 0.055600 ms MarkObjects: 1.542800 ms  DeleteObjects: 0.080300 ms)

========================================================================
Received Import Request.
  Time since last request: 241.943742 seconds.
  path: Assets/Scenes/Level_1.unity
  artifactKey: Guid(2cda990e2423bbf4892e6590ba056729) Importer(815301076,1909f56bfc062723c751e8b465ee728b)
Start importing Assets/Scenes/Level_1.unity using Guid(2cda990e2423bbf4892e6590ba056729) Importer(815301076,1909f56bfc062723c751e8b465ee728b)  -> (artifact id: '855df36d98dd883318acd54fd68f26c0') in 0.008200 seconds
  Import took 0.010584 seconds .

========================================================================
Received Import Request.
  Time since last request: 854.956938 seconds.
  path: Assets/Scenes/Level_2.unity
  artifactKey: Guid(0bcbd9bd6318b65459bafa8f15b02a05) Importer(815301076,1909f56bfc062723c751e8b465ee728b)
Start importing Assets/Scenes/Level_2.unity using Guid(0bcbd9bd6318b65459bafa8f15b02a05) Importer(815301076,1909f56bfc062723c751e8b465ee728b)  -> (artifact id: '3fee3c69ae11fe4637f9bcfbfcf2a758') in 0.006382 seconds
  Import took 0.009869 seconds .

========================================================================
Received Prepare
Registering precompiled user dll's ...
Registered in 0.003280 seconds.
Begin MonoManager ReloadAssembly
Native extension for WindowsStandalone target not found
Refreshing native plugins compatible for Editor in 0.41 ms, found 3 plugins.
Preloading 0 native plugins for Editor in 0.00 ms.
Mono: successfully reloaded assembly
- Completed reload, in  0.750 seconds
Platform modules already initialized, skipping
Refreshing native plugins compatible for Editor in 0.40 ms, found 3 plugins.
Preloading 0 native plugins for Editor in 0.00 ms.
Unloading 2081 Unused Serialized files (Serialized files now loaded: 0)
System memory in use before: 93.2 MB.
System memory in use after: 93.2 MB.

Unloading 21 unused Assets to reduce memory usage. Loaded Objects now: 2577.
Total: 1.878700 ms (FindLiveObjects: 0.153500 ms CreateObjectMapping: 0.057000 ms MarkObjects: 1.579900 ms  DeleteObjects: 0.087600 ms)

========================================================================
Received Prepare
Registering precompiled user dll's ...
Registered in 0.002624 seconds.
Begin MonoManager ReloadAssembly
Native extension for WindowsStandalone target not found
Refreshing native plugins compatible for Editor in 0.47 ms, found 3 plugins.
Preloading 0 native plugins for Editor in 0.00 ms.
Mono: successfully reloaded assembly
- Completed reload, in  0.742 seconds
Platform modules already initialized, skipping
Refreshing native plugins compatible for Editor in 0.39 ms, found 3 plugins.
Preloading 0 native plugins for Editor in 0.00 ms.
Unloading 2081 Unused Serialized files (Serialized files now loaded: 0)
System memory in use before: 93.2 MB.
System memory in use after: 93.2 MB.

Unloading 21 unused Assets to reduce memory usage. Loaded Objects now: 2581.
Total: 1.977900 ms (FindLiveObjects: 0.149900 ms CreateObjectMapping: 0.055100 ms MarkObjects: 1.685000 ms  DeleteObjects: 0.087100 ms)

========================================================================
Received Prepare
Registering precompiled user dll's ...
Registered in 0.002643 seconds.
Begin MonoManager ReloadAssembly
Native extension for WindowsStandalone target not found
Refreshing native plugins compatible for Editor in 0.40 ms, found 3 plugins.
Preloading 0 native plugins for Editor in 0.00 ms.
Mono: successfully reloaded assembly
- Completed reload, in  0.744 seconds
Platform modules already initialized, skipping
Refreshing native plugins compatible for Editor in 0.39 ms, found 3 plugins.
Preloading 0 native plugins for Editor in 0.00 ms.
Unloading 2081 Unused Serialized files (Serialized files now loaded: 0)
System memory in use before: 93.2 MB.
System memory in use after: 93.2 MB.

Unloading 21 unused Assets to reduce memory usage. Loaded Objects now: 2585.
Total: 1.842300 ms (FindLiveObjects: 0.155700 ms CreateObjectMapping: 0.060500 ms MarkObjects: 1.542500 ms  DeleteObjects: 0.083000 ms)

========================================================================
Received Prepare
Registering precompiled user dll's ...
Registered in 0.002797 seconds.
Begin MonoManager ReloadAssembly
Native extension for WindowsStandalone target not found
Refreshing native plugins compatible for Editor in 0.42 ms, found 3 plugins.
Preloading 0 native plugins for Editor in 0.00 ms.
Mono: successfully reloaded assembly
- Completed reload, in  0.780 seconds
Platform modules already initialized, skipping
Refreshing native plugins compatible for Editor in 0.45 ms, found 3 plugins.
Preloading 0 native plugins for Editor in 0.00 ms.
Unloading 2081 Unused Serialized files (Serialized files now loaded: 0)
System memory in use before: 93.3 MB.
System memory in use after: 93.2 MB.

Unloading 21 unused Assets to reduce memory usage. Loaded Objects now: 2589.
Total: 1.927100 ms (FindLiveObjects: 0.159200 ms CreateObjectMapping: 0.061400 ms MarkObjects: 1.610700 ms  DeleteObjects: 0.095000 ms)

========================================================================
Received Prepare
Registering precompiled user dll's ...
Registered in 0.002665 seconds.
Begin MonoManager ReloadAssembly
Native extension for WindowsStandalone target not found
Refreshing native plugins compatible for Editor in 0.43 ms, found 3 plugins.
Preloading 0 native plugins for Editor in 0.00 ms.
Mono: successfully reloaded assembly
- Completed reload, in  0.771 seconds
Platform modules already initialized, skipping
Refreshing native plugins compatible for Editor in 0.41 ms, found 3 plugins.
Preloading 0 native plugins for Editor in 0.00 ms.
Unloading 2081 Unused Serialized files (Serialized files now loaded: 0)
System memory in use before: 93.3 MB.
System memory in use after: 93.2 MB.

Unloading 21 unused Assets to reduce memory usage. Loaded Objects now: 2593.
Total: 2.119400 ms (FindLiveObjects: 0.197400 ms CreateObjectMapping: 0.081800 ms MarkObjects: 1.750000 ms  DeleteObjects: 0.089200 ms)

========================================================================
Received Import Request.
  Time since last request: 1927.923103 seconds.
  path: ProjectSettings/TagManager.asset
  artifactKey: Guid(00000000000000003000000000000000) Importer(815301076,1909f56bfc062723c751e8b465ee728b)
Start importing ProjectSettings/TagManager.asset using Guid(00000000000000003000000000000000) Importer(815301076,1909f56bfc062723c751e8b465ee728b)  -> (artifact id: '9d87418c128fdbe3458be9112e886117') in 0.011193 seconds
  Import took 0.014225 seconds .

========================================================================
Received Import Request.
  Time since last request: 0.000270 seconds.
  path: ProjectSettings/TagManager.asset
  artifactKey: Guid(00000000000000003000000000000000) Importer(815301076,1909f56bfc062723c751e8b465ee728b)
Start importing ProjectSettings/TagManager.asset using Guid(00000000000000003000000000000000) Importer(815301076,1909f56bfc062723c751e8b465ee728b)  -> (artifact id: '9d87418c128fdbe3458be9112e886117') in 0.002256 seconds
  Import took 0.005014 seconds .

========================================================================
Received Prepare
Registering precompiled user dll's ...
Registered in 0.002627 seconds.
Begin MonoManager ReloadAssembly
Native extension for WindowsStandalone target not found
Refreshing native plugins compatible for Editor in 0.48 ms, found 3 plugins.
Preloading 0 native plugins for Editor in 0.00 ms.
Mono: successfully reloaded assembly
- Completed reload, in  0.793 seconds
Platform modules already initialized, skipping
Refreshing native plugins compatible for Editor in 0.40 ms, found 3 plugins.
Preloading 0 native plugins for Editor in 0.00 ms.
Unloading 2081 Unused Serialized files (Serialized files now loaded: 0)
System memory in use before: 93.3 MB.
System memory in use after: 93.3 MB.

Unloading 23 unused Assets to reduce memory usage. Loaded Objects now: 2597.
Total: 2.585000 ms (FindLiveObjects: 0.222100 ms CreateObjectMapping: 0.120300 ms MarkObjects: 2.136800 ms  DeleteObjects: 0.104400 ms)

========================================================================
Received Import Request.
  Time since last request: 152.607752 seconds.
  path: Assets/Scripts/ChangeScene.cs
  artifactKey: Guid(8bbb637324ed81140aa8212cf37748ca) Importer(815301076,1909f56bfc062723c751e8b465ee728b)
Start importing Assets/Scripts/ChangeScene.cs using Guid(8bbb637324ed81140aa8212cf37748ca) Importer(815301076,1909f56bfc062723c751e8b465ee728b)  -> (artifact id: '74f39341b3351524efbb48710858dadf') in 0.006964 seconds
  Import took 0.009581 seconds .

========================================================================
Received Prepare
Registering precompiled user dll's ...
Registered in 0.002628 seconds.
Begin MonoManager ReloadAssembly
Native extension for WindowsStandalone target not found
Refreshing native plugins compatible for Editor in 0.44 ms, found 3 plugins.
Preloading 0 native plugins for Editor in 0.00 ms.
Mono: successfully reloaded assembly
- Completed reload, in  0.785 seconds
Platform modules already initialized, skipping
Refreshing native plugins compatible for Editor in 0.39 ms, found 3 plugins.
Preloading 0 native plugins for Editor in 0.00 ms.
Unloading 2082 Unused Serialized files (Serialized files now loaded: 0)
System memory in use before: 93.3 MB.
System memory in use after: 93.3 MB.

Unloading 21 unused Assets to reduce memory usage. Loaded Objects now: 2602.
Total: 1.914100 ms (FindLiveObjects: 0.166900 ms CreateObjectMapping: 0.060000 ms MarkObjects: 1.600000 ms  DeleteObjects: 0.086500 ms)

========================================================================
Received Prepare
Registering precompiled user dll's ...
Registered in 0.002638 seconds.
Begin MonoManager ReloadAssembly
Native extension for WindowsStandalone target not found
Refreshing native plugins compatible for Editor in 0.42 ms, found 3 plugins.
Preloading 0 native plugins for Editor in 0.00 ms.
Mono: successfully reloaded assembly
- Completed reload, in  0.808 seconds
Platform modules already initialized, skipping
Refreshing native plugins compatible for Editor in 0.40 ms, found 3 plugins.
Preloading 0 native plugins for Editor in 0.00 ms.
Unloading 2082 Unused Serialized files (Serialized files now loaded: 0)
System memory in use before: 93.3 MB.
System memory in use after: 93.3 MB.

Unloading 21 unused Assets to reduce memory usage. Loaded Objects now: 2606.
Total: 2.650500 ms (FindLiveObjects: 0.414700 ms CreateObjectMapping: 0.085700 ms MarkObjects: 2.044800 ms  DeleteObjects: 0.103200 ms)

========================================================================
Received Import Request.
  Time since last request: 1072.710591 seconds.
  path: Assets/Scenes/Level_2.unity
  artifactKey: Guid(0bcbd9bd6318b65459bafa8f15b02a05) Importer(815301076,1909f56bfc062723c751e8b465ee728b)
Start importing Assets/Scenes/Level_2.unity using Guid(0bcbd9bd6318b65459bafa8f15b02a05) Importer(815301076,1909f56bfc062723c751e8b465ee728b)  -> (artifact id: '0a4d007711efdb6d434b42b4974d21dc') in 0.013400 seconds
  Import took 0.016067 seconds .

========================================================================
Received Prepare
Registering precompiled user dll's ...
Registered in 0.002708 seconds.
Begin MonoManager ReloadAssembly
Native extension for WindowsStandalone target not found
Refreshing native plugins compatible for Editor in 0.55 ms, found 3 plugins.
Preloading 0 native plugins for Editor in 0.00 ms.
Mono: successfully reloaded assembly
- Completed reload, in  0.772 seconds
Platform modules already initialized, skipping
Refreshing native plugins compatible for Editor in 0.39 ms, found 3 plugins.
Preloading 0 native plugins for Editor in 0.00 ms.
Unloading 2082 Unused Serialized files (Serialized files now loaded: 0)
System memory in use before: 93.3 MB.
System memory in use after: 93.3 MB.

Unloading 21 unused Assets to reduce memory usage. Loaded Objects now: 2610.
Total: 1.915800 ms (FindLiveObjects: 0.164200 ms CreateObjectMapping: 0.061400 ms MarkObjects: 1.596600 ms  DeleteObjects: 0.092800 ms)

========================================================================
Received Import Request.
  Time since last request: 37.685887 seconds.
  path: Assets/Scripts/MainMenu.cs
  artifactKey: Guid(3bb1e79c1e356aa43920b9fb0b9b239e) Importer(815301076,1909f56bfc062723c751e8b465ee728b)
Start importing Assets/Scripts/MainMenu.cs using Guid(3bb1e79c1e356aa43920b9fb0b9b239e) Importer(815301076,1909f56bfc062723c751e8b465ee728b)  -> (artifact id: '0b709ead82bf4c47a9531a79205db80c') in 0.007151 seconds
  Import took 0.010258 seconds .

========================================================================
Received Import Request.
  Time since last request: 0.006421 seconds.
  path: Assets/Scripts/MainMenu.cs
  artifactKey: Guid(3bb1e79c1e356aa43920b9fb0b9b239e) Importer(815301076,1909f56bfc062723c751e8b465ee728b)
Start importing Assets/Scripts/MainMenu.cs using Guid(3bb1e79c1e356aa43920b9fb0b9b239e) Importer(815301076,1909f56bfc062723c751e8b465ee728b)  -> (artifact id: '0b709ead82bf4c47a9531a79205db80c') in 0.001811 seconds
  Import took 0.004429 seconds .

========================================================================
Received Import Request.
  Time since last request: 54.350988 seconds.
  path: Assets/Scenes/Level_1.unity
  artifactKey: Guid(2cda990e2423bbf4892e6590ba056729) Importer(815301076,1909f56bfc062723c751e8b465ee728b)
Start importing Assets/Scenes/Level_1.unity using Guid(2cda990e2423bbf4892e6590ba056729) Importer(815301076,1909f56bfc062723c751e8b465ee728b)  -> (artifact id: '153d25a9843d640901a42488ec5da24f') in 0.012646 seconds
  Import took 0.015336 seconds .

========================================================================
Received Prepare
Registering precompiled user dll's ...
Registered in 0.002708 seconds.
Begin MonoManager ReloadAssembly
Native extension for WindowsStandalone target not found
Refreshing native plugins compatible for Editor in 0.40 ms, found 3 plugins.
Preloading 0 native plugins for Editor in 0.00 ms.
Mono: successfully reloaded assembly
- Completed reload, in  0.791 seconds
Platform modules already initialized, skipping
Refreshing native plugins compatible for Editor in 0.43 ms, found 3 plugins.
Preloading 0 native plugins for Editor in 0.00 ms.
Unloading 2082 Unused Serialized files (Serialized files now loaded: 0)
System memory in use before: 93.3 MB.
System memory in use after: 93.3 MB.

Unloading 21 unused Assets to reduce memory usage. Loaded Objects now: 2614.
Total: 1.885800 ms (FindLiveObjects: 0.167500 ms CreateObjectMapping: 0.057600 ms MarkObjects: 1.573600 ms  DeleteObjects: 0.086300 ms)

========================================================================
Received Prepare
Registering precompiled user dll's ...
Registered in 0.002619 seconds.
Begin MonoManager ReloadAssembly
Native extension for WindowsStandalone target not found
Refreshing native plugins compatible for Editor in 0.42 ms, found 3 plugins.
Preloading 0 native plugins for Editor in 0.00 ms.
Mono: successfully reloaded assembly
- Completed reload, in  0.739 seconds
Platform modules already initialized, skipping
Refreshing native plugins compatible for Editor in 0.40 ms, found 3 plugins.
Preloading 0 native plugins for Editor in 0.00 ms.
Unloading 2082 Unused Serialized files (Serialized files now loaded: 0)
System memory in use before: 93.4 MB.
System memory in use after: 93.3 MB.

Unloading 21 unused Assets to reduce memory usage. Loaded Objects now: 2618.
Total: 1.872600 ms (FindLiveObjects: 0.165400 ms CreateObjectMapping: 0.062400 ms MarkObjects: 1.560600 ms  DeleteObjects: 0.083600 ms)

========================================================================
Received Import Request.
  Time since last request: 116.749633 seconds.
  path: Assets/Scenes/Level_1.unity
  artifactKey: Guid(2cda990e2423bbf4892e6590ba056729) Importer(815301076,1909f56bfc062723c751e8b465ee728b)
Start importing Assets/Scenes/Level_1.unity using Guid(2cda990e2423bbf4892e6590ba056729) Importer(815301076,1909f56bfc062723c751e8b465ee728b)  -> (artifact id: '335dd2a66d1302915298374c8417444a') in 0.010013 seconds
  Import took 0.012916 seconds .

========================================================================
Received Import Request.
  Time since last request: 77.007753 seconds.
  path: Assets/SpriteSheets/background/jungle_tree1.png
  artifactKey: Guid(d0c6dedd9d4ee574bb4bc2846152c754) Importer(815301076,1909f56bfc062723c751e8b465ee728b)
Start importing Assets/SpriteSheets/background/jungle_tree1.png using Guid(d0c6dedd9d4ee574bb4bc2846152c754) Importer(815301076,1909f56bfc062723c751e8b465ee728b)  -> (artifact id: '2327c42a15a859d1a2bcd4fe4d282e82') in 0.068141 seconds
  Import took 0.071200 seconds .

========================================================================
Received Import Request.
  Time since last request: 28.211723 seconds.
  path: Assets/SpriteSheets/background/jungle_tree2.png
  artifactKey: Guid(cd3195f8f10d4994b8206625e4ec744e) Importer(815301076,1909f56bfc062723c751e8b465ee728b)
Start importing Assets/SpriteSheets/background/jungle_tree2.png using Guid(cd3195f8f10d4994b8206625e4ec744e) Importer(815301076,1909f56bfc062723c751e8b465ee728b)  -> (artifact id: 'cc26954d362ffdd9a4d96644752359a2') in 0.017671 seconds
  Import took 0.020696 seconds .

========================================================================
Received Import Request.
  Time since last request: 8.837160 seconds.
  path: Assets/SpriteSheets/background/jungle_tree1_bg.png
  artifactKey: Guid(75284d25c7bb5af45b877c0253518bf9) Importer(815301076,1909f56bfc062723c751e8b465ee728b)
Start importing Assets/SpriteSheets/background/jungle_tree1_bg.png using Guid(75284d25c7bb5af45b877c0253518bf9) Importer(815301076,1909f56bfc062723c751e8b465ee728b)  -> (artifact id: 'bcc41d9c432a7bd87aad88e93b65460b') in 0.010459 seconds
  Import took 0.013155 seconds .

========================================================================
Received Prepare
Registering precompiled user dll's ...
Registered in 0.002644 seconds.
Begin MonoManager ReloadAssembly
Native extension for WindowsStandalone target not found
Refreshing native plugins compatible for Editor in 0.41 ms, found 3 plugins.
Preloading 0 native plugins for Editor in 0.00 ms.
Mono: successfully reloaded assembly
- Completed reload, in  0.760 seconds
Platform modules already initialized, skipping
Refreshing native plugins compatible for Editor in 0.41 ms, found 3 plugins.
Preloading 0 native plugins for Editor in 0.00 ms.
Unloading 2082 Unused Serialized files (Serialized files now loaded: 0)
System memory in use before: 96.3 MB.
System memory in use after: 96.3 MB.

Unloading 21 unused Assets to reduce memory usage. Loaded Objects now: 2630.
Total: 1.791500 ms (FindLiveObjects: 0.151100 ms CreateObjectMapping: 0.057200 ms MarkObjects: 1.500600 ms  DeleteObjects: 0.081800 ms)

========================================================================
Received Prepare
Registering precompiled user dll's ...
Registered in 0.002747 seconds.
Begin MonoManager ReloadAssembly
Native extension for WindowsStandalone target not found
Refreshing native plugins compatible for Editor in 0.46 ms, found 3 plugins.
Preloading 0 native plugins for Editor in 0.00 ms.
Mono: successfully reloaded assembly
- Completed reload, in  0.739 seconds
Platform modules already initialized, skipping
Refreshing native plugins compatible for Editor in 0.40 ms, found 3 plugins.
Preloading 0 native plugins for Editor in 0.00 ms.
Unloading 2082 Unused Serialized files (Serialized files now loaded: 0)
System memory in use before: 96.3 MB.
System memory in use after: 96.3 MB.

Unloading 21 unused Assets to reduce memory usage. Loaded Objects now: 2634.
Total: 1.857800 ms (FindLiveObjects: 0.166100 ms CreateObjectMapping: 0.060700 ms MarkObjects: 1.541700 ms  DeleteObjects: 0.088600 ms)

========================================================================
Received Prepare
Registering precompiled user dll's ...
Registered in 0.002721 seconds.
Begin MonoManager ReloadAssembly
Native extension for WindowsStandalone target not found
Refreshing native plugins compatible for Editor in 0.42 ms, found 3 plugins.
Preloading 0 native plugins for Editor in 0.00 ms.
Mono: successfully reloaded assembly
- Completed reload, in  0.748 seconds
Platform modules already initialized, skipping
Refreshing native plugins compatible for Editor in 0.42 ms, found 3 plugins.
Preloading 0 native plugins for Editor in 0.00 ms.
Unloading 2082 Unused Serialized files (Serialized files now loaded: 0)
System memory in use before: 96.3 MB.
System memory in use after: 96.3 MB.

Unloading 21 unused Assets to reduce memory usage. Loaded Objects now: 2638.
Total: 1.821600 ms (FindLiveObjects: 0.160300 ms CreateObjectMapping: 0.058100 ms MarkObjects: 1.519000 ms  DeleteObjects: 0.083300 ms)

========================================================================
Received Prepare
Registering precompiled user dll's ...
Registered in 0.002663 seconds.
Begin MonoManager ReloadAssembly
Native extension for WindowsStandalone target not found
Refreshing native plugins compatible for Editor in 0.41 ms, found 3 plugins.
Preloading 0 native plugins for Editor in 0.00 ms.
Mono: successfully reloaded assembly
- Completed reload, in  0.749 seconds
Platform modules already initialized, skipping
Refreshing native plugins compatible for Editor in 0.40 ms, found 3 plugins.
Preloading 0 native plugins for Editor in 0.00 ms.
Unloading 2082 Unused Serialized files (Serialized files now loaded: 0)
System memory in use before: 96.3 MB.
System memory in use after: 96.3 MB.

Unloading 21 unused Assets to reduce memory usage. Loaded Objects now: 2642.
Total: 1.879600 ms (FindLiveObjects: 0.161500 ms CreateObjectMapping: 0.062100 ms MarkObjects: 1.568900 ms  DeleteObjects: 0.086500 ms)

========================================================================
Received Prepare
Registering precompiled user dll's ...
Registered in 0.002660 seconds.
Begin MonoManager ReloadAssembly
Native extension for WindowsStandalone target not found
Refreshing native plugins compatible for Editor in 0.40 ms, found 3 plugins.
Preloading 0 native plugins for Editor in 0.00 ms.
Mono: successfully reloaded assembly
- Completed reload, in  0.747 seconds
Platform modules already initialized, skipping
Refreshing native plugins compatible for Editor in 0.40 ms, found 3 plugins.
Preloading 0 native plugins for Editor in 0.00 ms.
Unloading 2082 Unused Serialized files (Serialized files now loaded: 0)
System memory in use before: 96.4 MB.
System memory in use after: 96.3 MB.

Unloading 21 unused Assets to reduce memory usage. Loaded Objects now: 2646.
Total: 1.858800 ms (FindLiveObjects: 0.161900 ms CreateObjectMapping: 0.063700 ms MarkObjects: 1.546800 ms  DeleteObjects: 0.085500 ms)

========================================================================
Received Import Request.
  Time since last request: 294.658733 seconds.
  path: Assets/Scenes/Level_1.unity
  artifactKey: Guid(2cda990e2423bbf4892e6590ba056729) Importer(815301076,1909f56bfc062723c751e8b465ee728b)
Start importing Assets/Scenes/Level_1.unity using Guid(2cda990e2423bbf4892e6590ba056729) Importer(815301076,1909f56bfc062723c751e8b465ee728b)  -> (artifact id: 'f13caeac91a5cd963e723ad9de37b9fa') in 0.010910 seconds
  Import took 0.013848 seconds .

========================================================================
Received Import Request.
  Time since last request: 51.791267 seconds.
  path: Assets/Prefabs
  artifactKey: Guid(97fce1665e4958f468bafa4abf7581f8) Importer(815301076,1909f56bfc062723c751e8b465ee728b)
Start importing Assets/Prefabs using Guid(97fce1665e4958f468bafa4abf7581f8) Importer(815301076,1909f56bfc062723c751e8b465ee728b)  -> (artifact id: '4871b942cf596706a830f72cd2cfc337') in 0.005420 seconds
  Import took 0.008751 seconds .

========================================================================
Received Import Request.
  Time since last request: 7.802359 seconds.
  path: Assets/Prefabs/Grunt.prefab
  artifactKey: Guid(6598874cacf8e16449e0022e3ae8c56c) Importer(815301076,1909f56bfc062723c751e8b465ee728b)
Start importing Assets/Prefabs/Grunt.prefab using Guid(6598874cacf8e16449e0022e3ae8c56c) Importer(815301076,1909f56bfc062723c751e8b465ee728b)  -> (artifact id: 'db3f1b9cf32dc3a68453e0eceb1f500d') in 0.045371 seconds
  Import took 0.048394 seconds .

========================================================================
Received Import Request.
  Time since last request: 26.728068 seconds.
  path: Assets/Prefabs/Jhon.prefab
  artifactKey: Guid(d57cf309376e55448b953919d2a1e2db) Importer(815301076,1909f56bfc062723c751e8b465ee728b)
Start importing Assets/Prefabs/Jhon.prefab using Guid(d57cf309376e55448b953919d2a1e2db) Importer(815301076,1909f56bfc062723c751e8b465ee728b)  -> (artifact id: 'fa445d3be9702902211936720c4fb038') in 0.012468 seconds
  Import took 0.015562 seconds .

========================================================================
Received Prepare
Registering precompiled user dll's ...
Registered in 0.002627 seconds.
Begin MonoManager ReloadAssembly
Native extension for WindowsStandalone target not found
Refreshing native plugins compatible for Editor in 0.41 ms, found 3 plugins.
Preloading 0 native plugins for Editor in 0.00 ms.
Mono: successfully reloaded assembly
- Completed reload, in  0.765 seconds
Platform modules already initialized, skipping
Refreshing native plugins compatible for Editor in 0.40 ms, found 3 plugins.
Preloading 0 native plugins for Editor in 0.00 ms.
Unloading 2082 Unused Serialized files (Serialized files now loaded: 0)
System memory in use before: 96.4 MB.
System memory in use after: 96.4 MB.

Unloading 21 unused Assets to reduce memory usage. Loaded Objects now: 2655.
Total: 1.818300 ms (FindLiveObjects: 0.158600 ms CreateObjectMapping: 0.056400 ms MarkObjects: 1.521900 ms  DeleteObjects: 0.080500 ms)

========================================================================
Received Import Request.
  Time since last request: 16.567070 seconds.
  path: Assets/Scripts/GruntScript.cs
  artifactKey: Guid(f4313954c465b3e41a36e3905e8aed0f) Importer(815301076,1909f56bfc062723c751e8b465ee728b)
Start importing Assets/Scripts/GruntScript.cs using Guid(f4313954c465b3e41a36e3905e8aed0f) Importer(815301076,1909f56bfc062723c751e8b465ee728b)  -> (artifact id: '989dbafabed4113eee0be87f5bfe3b79') in 0.006770 seconds
  Import took 0.009249 seconds .

========================================================================
Received Import Request.
  Time since last request: 3.165973 seconds.
  path: Assets/Scripts/SceneChange.cs
  artifactKey: Guid(49f6549e326891d4f9bc608459efdc80) Importer(815301076,1909f56bfc062723c751e8b465ee728b)
Start importing Assets/Scripts/SceneChange.cs using Guid(49f6549e326891d4f9bc608459efdc80) Importer(815301076,1909f56bfc062723c751e8b465ee728b)  -> (artifact id: '55e99b4f6d7a64274b82a6f946888a5a') in 0.006095 seconds
  Import took 0.009150 seconds .

========================================================================
Received Import Request.
  Time since last request: 0.001620 seconds.
  path: Assets/Scripts/SceneChange.cs
  artifactKey: Guid(49f6549e326891d4f9bc608459efdc80) Importer(815301076,1909f56bfc062723c751e8b465ee728b)
Start importing Assets/Scripts/SceneChange.cs using Guid(49f6549e326891d4f9bc608459efdc80) Importer(815301076,1909f56bfc062723c751e8b465ee728b)  -> (artifact id: '55e99b4f6d7a64274b82a6f946888a5a') in 0.002052 seconds
  Import took 0.005174 seconds .

========================================================================
Received Prepare
Registering precompiled user dll's ...
Registered in 0.002742 seconds.
Begin MonoManager ReloadAssembly
Native extension for WindowsStandalone target not found
Refreshing native plugins compatible for Editor in 0.41 ms, found 3 plugins.
Preloading 0 native plugins for Editor in 0.00 ms.
Mono: successfully reloaded assembly
- Completed reload, in  0.755 seconds
Platform modules already initialized, skipping
Refreshing native plugins compatible for Editor in 0.39 ms, found 3 plugins.
Preloading 0 native plugins for Editor in 0.00 ms.
Unloading 2081 Unused Serialized files (Serialized files now loaded: 0)
System memory in use before: 96.4 MB.
System memory in use after: 96.4 MB.

Unloading 22 unused Assets to reduce memory usage. Loaded Objects now: 2658.
Total: 1.804400 ms (FindLiveObjects: 0.149000 ms CreateObjectMapping: 0.057200 ms MarkObjects: 1.467600 ms  DeleteObjects: 0.130200 ms)

========================================================================
Received Prepare
Registering precompiled user dll's ...
Registered in 0.002824 seconds.
Begin MonoManager ReloadAssembly
Native extension for WindowsStandalone target not found
Refreshing native plugins compatible for Editor in 0.40 ms, found 3 plugins.
Preloading 0 native plugins for Editor in 0.00 ms.
Mono: successfully reloaded assembly
- Completed reload, in  0.748 seconds
Platform modules already initialized, skipping
Refreshing native plugins compatible for Editor in 0.42 ms, found 3 plugins.
Preloading 0 native plugins for Editor in 0.00 ms.
Unloading 2080 Unused Serialized files (Serialized files now loaded: 0)
System memory in use before: 96.4 MB.
System memory in use after: 96.4 MB.

Unloading 22 unused Assets to reduce memory usage. Loaded Objects now: 2661.
Total: 1.876600 ms (FindLiveObjects: 0.162700 ms CreateObjectMapping: 0.061200 ms MarkObjects: 1.565900 ms  DeleteObjects: 0.086200 ms)

========================================================================
Received Import Request.
  Time since last request: 219.333046 seconds.
  path: Assets/Scripts/GruntScript.cs
  artifactKey: Guid(f4313954c465b3e41a36e3905e8aed0f) Importer(815301076,1909f56bfc062723c751e8b465ee728b)
Start importing Assets/Scripts/GruntScript.cs using Guid(f4313954c465b3e41a36e3905e8aed0f) Importer(815301076,1909f56bfc062723c751e8b465ee728b)  -> (artifact id: '83d856ae4250341f40954979cc25366d') in 0.005107 seconds
  Import took 0.014283 seconds .

========================================================================
Received Import Request.
  Time since last request: 0.002375 seconds.
  path: Assets/Scripts/GruntScript.cs
  artifactKey: Guid(f4313954c465b3e41a36e3905e8aed0f) Importer(815301076,1909f56bfc062723c751e8b465ee728b)
Start importing Assets/Scripts/GruntScript.cs using Guid(f4313954c465b3e41a36e3905e8aed0f) Importer(815301076,1909f56bfc062723c751e8b465ee728b)  -> (artifact id: '83d856ae4250341f40954979cc25366d') in 0.003303 seconds
  Import took 0.008159 seconds .

========================================================================
Received Prepare
Registering precompiled user dll's ...
Registered in 0.002698 seconds.
Begin MonoManager ReloadAssembly
Native extension for WindowsStandalone target not found
Refreshing native plugins compatible for Editor in 0.41 ms, found 3 plugins.
Preloading 0 native plugins for Editor in 0.00 ms.
Mono: successfully reloaded assembly
- Completed reload, in  0.745 seconds
Platform modules already initialized, skipping
Refreshing native plugins compatible for Editor in 0.47 ms, found 3 plugins.
Preloading 0 native plugins for Editor in 0.00 ms.
Unloading 2080 Unused Serialized files (Serialized files now loaded: 0)
System memory in use before: 96.4 MB.
System memory in use after: 96.4 MB.

Unloading 21 unused Assets to reduce memory usage. Loaded Objects now: 2665.
Total: 1.820700 ms (FindLiveObjects: 0.165800 ms CreateObjectMapping: 0.064300 ms MarkObjects: 1.500600 ms  DeleteObjects: 0.089300 ms)

========================================================================
Received Import Request.
  Time since last request: 41.922228 seconds.
  path: Assets/Scripts/GruntScript.cs
  artifactKey: Guid(f4313954c465b3e41a36e3905e8aed0f) Importer(815301076,1909f56bfc062723c751e8b465ee728b)
Start importing Assets/Scripts/GruntScript.cs using Guid(f4313954c465b3e41a36e3905e8aed0f) Importer(815301076,1909f56bfc062723c751e8b465ee728b)  -> (artifact id: 'debe07133809b7653f15dd83677f543e') in 0.003896 seconds
  Import took 0.006521 seconds .

========================================================================
Received Import Request.
  Time since last request: 7.350523 seconds.
  path: Assets/Prefabs/Grunt.prefab
  artifactKey: Guid(6598874cacf8e16449e0022e3ae8c56c) Importer(815301076,1909f56bfc062723c751e8b465ee728b)
Start importing Assets/Prefabs/Grunt.prefab using Guid(6598874cacf8e16449e0022e3ae8c56c) Importer(815301076,1909f56bfc062723c751e8b465ee728b)  -> (artifact id: '332600da54b63adb4e026d73810260dc') in 0.038891 seconds
  Import took 0.041868 seconds .

========================================================================
Received Prepare
Registering precompiled user dll's ...
Registered in 0.002723 seconds.
Begin MonoManager ReloadAssembly
Native extension for WindowsStandalone target not found
Refreshing native plugins compatible for Editor in 0.45 ms, found 3 plugins.
Preloading 0 native plugins for Editor in 0.00 ms.
Mono: successfully reloaded assembly
- Completed reload, in  0.747 seconds
Platform modules already initialized, skipping
Refreshing native plugins compatible for Editor in 0.40 ms, found 3 plugins.
Preloading 0 native plugins for Editor in 0.00 ms.
Unloading 2080 Unused Serialized files (Serialized files now loaded: 0)
System memory in use before: 96.4 MB.
System memory in use after: 96.4 MB.

Unloading 21 unused Assets to reduce memory usage. Loaded Objects now: 2670.
Total: 1.792000 ms (FindLiveObjects: 0.163200 ms CreateObjectMapping: 0.058400 ms MarkObjects: 1.483400 ms  DeleteObjects: 0.086200 ms)

========================================================================
Received Prepare
Registering precompiled user dll's ...
Registered in 0.002623 seconds.
Begin MonoManager ReloadAssembly
Native extension for WindowsStandalone target not found
Refreshing native plugins compatible for Editor in 0.43 ms, found 3 plugins.
Preloading 0 native plugins for Editor in 0.00 ms.
Mono: successfully reloaded assembly
- Completed reload, in  0.738 seconds
Platform modules already initialized, skipping
Refreshing native plugins compatible for Editor in 0.40 ms, found 3 plugins.
Preloading 0 native plugins for Editor in 0.00 ms.
Unloading 2080 Unused Serialized files (Serialized files now loaded: 0)
System memory in use before: 96.4 MB.
System memory in use after: 96.4 MB.

Unloading 21 unused Assets to reduce memory usage. Loaded Objects now: 2674.
Total: 1.878600 ms (FindLiveObjects: 0.154200 ms CreateObjectMapping: 0.055700 ms MarkObjects: 1.576900 ms  DeleteObjects: 0.091100 ms)

========================================================================
Received Prepare
Registering precompiled user dll's ...
Registered in 0.002571 seconds.
Begin MonoManager ReloadAssembly
Native extension for WindowsStandalone target not found
Refreshing native plugins compatible for Editor in 0.46 ms, found 3 plugins.
Preloading 0 native plugins for Editor in 0.00 ms.
Mono: successfully reloaded assembly
- Completed reload, in  0.741 seconds
Platform modules already initialized, skipping
Refreshing native plugins compatible for Editor in 0.40 ms, found 3 plugins.
Preloading 0 native plugins for Editor in 0.00 ms.
Unloading 2080 Unused Serialized files (Serialized files now loaded: 0)
System memory in use before: 96.4 MB.
System memory in use after: 96.4 MB.

Unloading 21 unused Assets to reduce memory usage. Loaded Objects now: 2678.
Total: 1.925800 ms (FindLiveObjects: 0.176200 ms CreateObjectMapping: 0.057800 ms MarkObjects: 1.597700 ms  DeleteObjects: 0.093200 ms)

========================================================================
Received Prepare
Registering precompiled user dll's ...
Registered in 0.002769 seconds.
Begin MonoManager ReloadAssembly
Native extension for WindowsStandalone target not found
Refreshing native plugins compatible for Editor in 0.42 ms, found 3 plugins.
Preloading 0 native plugins for Editor in 0.00 ms.
Mono: successfully reloaded assembly
- Completed reload, in  0.752 seconds
Platform modules already initialized, skipping
Refreshing native plugins compatible for Editor in 0.40 ms, found 3 plugins.
Preloading 0 native plugins for Editor in 0.00 ms.
Unloading 2080 Unused Serialized files (Serialized files now loaded: 0)
System memory in use before: 96.4 MB.
System memory in use after: 96.4 MB.

Unloading 21 unused Assets to reduce memory usage. Loaded Objects now: 2682.
Total: 1.940900 ms (FindLiveObjects: 0.179600 ms CreateObjectMapping: 0.066500 ms MarkObjects: 1.604700 ms  DeleteObjects: 0.089300 ms)

========================================================================
Received Prepare
Registering precompiled user dll's ...
Registered in 0.002555 seconds.
Begin MonoManager ReloadAssembly
Native extension for WindowsStandalone target not found
Refreshing native plugins compatible for Editor in 0.41 ms, found 3 plugins.
Preloading 0 native plugins for Editor in 0.00 ms.
Mono: successfully reloaded assembly
- Completed reload, in  0.740 seconds
Platform modules already initialized, skipping
Refreshing native plugins compatible for Editor in 0.42 ms, found 3 plugins.
Preloading 0 native plugins for Editor in 0.00 ms.
Unloading 2080 Unused Serialized files (Serialized files now loaded: 0)
System memory in use before: 96.4 MB.
System memory in use after: 96.4 MB.

Unloading 21 unused Assets to reduce memory usage. Loaded Objects now: 2686.
Total: 1.808700 ms (FindLiveObjects: 0.163700 ms CreateObjectMapping: 0.056900 ms MarkObjects: 1.498600 ms  DeleteObjects: 0.088700 ms)

========================================================================
Received Prepare
Registering precompiled user dll's ...
Registered in 0.002685 seconds.
Begin MonoManager ReloadAssembly
Native extension for WindowsStandalone target not found
Refreshing native plugins compatible for Editor in 0.41 ms, found 3 plugins.
Preloading 0 native plugins for Editor in 0.00 ms.
Mono: successfully reloaded assembly
- Completed reload, in  0.750 seconds
Platform modules already initialized, skipping
Refreshing native plugins compatible for Editor in 0.42 ms, found 3 plugins.
Preloading 0 native plugins for Editor in 0.00 ms.
Unloading 2080 Unused Serialized files (Serialized files now loaded: 0)
System memory in use before: 96.4 MB.
System memory in use after: 96.4 MB.

Unloading 21 unused Assets to reduce memory usage. Loaded Objects now: 2690.
Total: 1.873600 ms (FindLiveObjects: 0.162900 ms CreateObjectMapping: 0.057800 ms MarkObjects: 1.561100 ms  DeleteObjects: 0.090700 ms)

========================================================================
Received Prepare
Registering precompiled user dll's ...
Registered in 0.002639 seconds.
Begin MonoManager ReloadAssembly
Native extension for WindowsStandalone target not found
Refreshing native plugins compatible for Editor in 0.41 ms, found 3 plugins.
Preloading 0 native plugins for Editor in 0.00 ms.
Mono: successfully reloaded assembly
- Completed reload, in  0.747 seconds
Platform modules already initialized, skipping
Refreshing native plugins compatible for Editor in 0.42 ms, found 3 plugins.
Preloading 0 native plugins for Editor in 0.00 ms.
Unloading 2080 Unused Serialized files (Serialized files now loaded: 0)
System memory in use before: 96.5 MB.
System memory in use after: 96.4 MB.

Unloading 21 unused Assets to reduce memory usage. Loaded Objects now: 2694.
Total: 1.927000 ms (FindLiveObjects: 0.164400 ms CreateObjectMapping: 0.059300 ms MarkObjects: 1.615800 ms  DeleteObjects: 0.086700 ms)

========================================================================
Received Prepare
Registering precompiled user dll's ...
Registered in 0.002684 seconds.
Begin MonoManager ReloadAssembly
Native extension for WindowsStandalone target not found
Refreshing native plugins compatible for Editor in 0.40 ms, found 3 plugins.
Preloading 0 native plugins for Editor in 0.00 ms.
Mono: successfully reloaded assembly
- Completed reload, in  0.745 seconds
Platform modules already initialized, skipping
Refreshing native plugins compatible for Editor in 0.44 ms, found 3 plugins.
Preloading 0 native plugins for Editor in 0.00 ms.
Unloading 2080 Unused Serialized files (Serialized files now loaded: 0)
System memory in use before: 96.5 MB.
System memory in use after: 96.4 MB.

Unloading 21 unused Assets to reduce memory usage. Loaded Objects now: 2698.
Total: 1.876100 ms (FindLiveObjects: 0.160900 ms CreateObjectMapping: 0.062400 ms MarkObjects: 1.568400 ms  DeleteObjects: 0.083800 ms)

========================================================================
Received Import Request.
  Time since last request: 719.177885 seconds.
  path: Assets/Scenes/Level_2.unity
  artifactKey: Guid(0bcbd9bd6318b65459bafa8f15b02a05) Importer(815301076,1909f56bfc062723c751e8b465ee728b)
Start importing Assets/Scenes/Level_2.unity using Guid(0bcbd9bd6318b65459bafa8f15b02a05) Importer(815301076,1909f56bfc062723c751e8b465ee728b)  -> (artifact id: 'f18a04fa8dbb5b8f654196027cf0ef7d') in 0.012484 seconds
  Import took 0.015796 seconds .

========================================================================
Received Import Request.
  Time since last request: 9.284094 seconds.
  path: Assets/Scenes/Main Menu.unity
  artifactKey: Guid(0ec767e713445894da24aca05dbf51ac) Importer(815301076,1909f56bfc062723c751e8b465ee728b)
Start importing Assets/Scenes/Main Menu.unity using Guid(0ec767e713445894da24aca05dbf51ac) Importer(815301076,1909f56bfc062723c751e8b465ee728b)  -> (artifact id: 'd3f5257e956d2582aa62700ba9680f64') in 0.008976 seconds
  Import took 0.011904 seconds .

AssetImportWorkerClient::OnTransportError - code=2 error=End of file
